Start testing: Feb 24 18:29 FLE Standard Time
----------------------------------------------------------
1/16 Testing: B_VaruableTest.SimpleVariableTest
1/16 Test: B_VaruableTest.SimpleVariableTest
Command: "D:/projects/CalcQuadigi/build/test_exe.exe" "--gtest_filter=B_VaruableTest.SimpleVariableTest" "--gtest_also_run_disabled_tests"
Directory: D:/projects/CalcQuadigi/build
"B_VaruableTest.SimpleVariableTest" start time: Feb 24 18:29 FLE Standard Time
Output:
----------------------------------------------------------
Running main() from D:/projects/CalcQuadigi/build/_deps/googletest-src/googletest/src/gtest_main.cc
Note: Google Test filter = B_VaruableTest.SimpleVariableTest
[==========] Running 1 test from 1 test suite.
[----------] Global test environment set-up.
[----------] 1 test from B_VaruableTest
[ RUN      ] B_VaruableTest.SimpleVariableTest
[       OK ] B_VaruableTest.SimpleVariableTest (0 ms)
[----------] 1 test from B_VaruableTest (0 ms total)

[----------] Global test environment tear-down
[==========] 1 test from 1 test suite ran. (0 ms total)
[  PASSED  ] 1 test.
<end of output>
Test time =   0.02 sec
----------------------------------------------------------
Test Passed.
"B_VaruableTest.SimpleVariableTest" end time: Feb 24 18:29 FLE Standard Time
"B_VaruableTest.SimpleVariableTest" time elapsed: 00:00:00
----------------------------------------------------------

2/16 Testing: B_VaruableTest.AdvancedVariableTest
2/16 Test: B_VaruableTest.AdvancedVariableTest
Command: "D:/projects/CalcQuadigi/build/test_exe.exe" "--gtest_filter=B_VaruableTest.AdvancedVariableTest" "--gtest_also_run_disabled_tests"
Directory: D:/projects/CalcQuadigi/build
"B_VaruableTest.AdvancedVariableTest" start time: Feb 24 18:29 FLE Standard Time
Output:
----------------------------------------------------------
Running main() from D:/projects/CalcQuadigi/build/_deps/googletest-src/googletest/src/gtest_main.cc
Note: Google Test filter = B_VaruableTest.AdvancedVariableTest
[==========] Running 1 test from 1 test suite.
[----------] Global test environment set-up.
[----------] 1 test from B_VaruableTest
[ RUN      ] B_VaruableTest.AdvancedVariableTest
[       OK ] B_VaruableTest.AdvancedVariableTest (0 ms)
[----------] 1 test from B_VaruableTest (0 ms total)

[----------] Global test environment tear-down
[==========] 1 test from 1 test suite ran. (0 ms total)
[  PASSED  ] 1 test.
<end of output>
Test time =   0.01 sec
----------------------------------------------------------
Test Passed.
"B_VaruableTest.AdvancedVariableTest" end time: Feb 24 18:29 FLE Standard Time
"B_VaruableTest.AdvancedVariableTest" time elapsed: 00:00:00
----------------------------------------------------------

3/16 Testing: A_SumTest.SimpleSumTest
3/16 Test: A_SumTest.SimpleSumTest
Command: "D:/projects/CalcQuadigi/build/test_exe.exe" "--gtest_filter=A_SumTest.SimpleSumTest" "--gtest_also_run_disabled_tests"
Directory: D:/projects/CalcQuadigi/build
"A_SumTest.SimpleSumTest" start time: Feb 24 18:29 FLE Standard Time
Output:
----------------------------------------------------------
Running main() from D:/projects/CalcQuadigi/build/_deps/googletest-src/googletest/src/gtest_main.cc
Note: Google Test filter = A_SumTest.SimpleSumTest
[==========] Running 1 test from 1 test suite.
[----------] Global test environment set-up.
[----------] 1 test from A_SumTest
[ RUN      ] A_SumTest.SimpleSumTest
[       OK ] A_SumTest.SimpleSumTest (0 ms)
[----------] 1 test from A_SumTest (0 ms total)

[----------] Global test environment tear-down
[==========] 1 test from 1 test suite ran. (0 ms total)
[  PASSED  ] 1 test.
<end of output>
Test time =   0.02 sec
----------------------------------------------------------
Test Passed.
"A_SumTest.SimpleSumTest" end time: Feb 24 18:29 FLE Standard Time
"A_SumTest.SimpleSumTest" time elapsed: 00:00:00
----------------------------------------------------------

4/16 Testing: A_SubstractionTest.SimpleSubstractionTest
4/16 Test: A_SubstractionTest.SimpleSubstractionTest
Command: "D:/projects/CalcQuadigi/build/test_exe.exe" "--gtest_filter=A_SubstractionTest.SimpleSubstractionTest" "--gtest_also_run_disabled_tests"
Directory: D:/projects/CalcQuadigi/build
"A_SubstractionTest.SimpleSubstractionTest" start time: Feb 24 18:29 FLE Standard Time
Output:
----------------------------------------------------------
Running main() from D:/projects/CalcQuadigi/build/_deps/googletest-src/googletest/src/gtest_main.cc
Note: Google Test filter = A_SubstractionTest.SimpleSubstractionTest
[==========] Running 1 test from 1 test suite.
[----------] Global test environment set-up.
[----------] 1 test from A_SubstractionTest
[ RUN      ] A_SubstractionTest.SimpleSubstractionTest
[       OK ] A_SubstractionTest.SimpleSubstractionTest (0 ms)
[----------] 1 test from A_SubstractionTest (0 ms total)

[----------] Global test environment tear-down
[==========] 1 test from 1 test suite ran. (0 ms total)
[  PASSED  ] 1 test.
<end of output>
Test time =   0.03 sec
----------------------------------------------------------
Test Passed.
"A_SubstractionTest.SimpleSubstractionTest" end time: Feb 24 18:29 FLE Standard Time
"A_SubstractionTest.SimpleSubstractionTest" time elapsed: 00:00:00
----------------------------------------------------------

5/16 Testing: C_ParserTest.SimpleExpression
5/16 Test: C_ParserTest.SimpleExpression
Command: "D:/projects/CalcQuadigi/build/test_exe.exe" "--gtest_filter=C_ParserTest.SimpleExpression" "--gtest_also_run_disabled_tests"
Directory: D:/projects/CalcQuadigi/build
"C_ParserTest.SimpleExpression" start time: Feb 24 18:29 FLE Standard Time
Output:
----------------------------------------------------------
Running main() from D:/projects/CalcQuadigi/build/_deps/googletest-src/googletest/src/gtest_main.cc
Note: Google Test filter = C_ParserTest.SimpleExpression
[==========] Running 1 test from 1 test suite.
[----------] Global test environment set-up.
[----------] 1 test from C_ParserTest
[ RUN      ] C_ParserTest.SimpleExpression
[       OK ] C_ParserTest.SimpleExpression (0 ms)
[----------] 1 test from C_ParserTest (0 ms total)

[----------] Global test environment tear-down
[==========] 1 test from 1 test suite ran. (0 ms total)
[  PASSED  ] 1 test.
<end of output>
Test time =   0.02 sec
----------------------------------------------------------
Test Passed.
"C_ParserTest.SimpleExpression" end time: Feb 24 18:29 FLE Standard Time
"C_ParserTest.SimpleExpression" time elapsed: 00:00:00
----------------------------------------------------------

6/16 Testing: C_ParserTest.ExpressionWithVariable
6/16 Test: C_ParserTest.ExpressionWithVariable
Command: "D:/projects/CalcQuadigi/build/test_exe.exe" "--gtest_filter=C_ParserTest.ExpressionWithVariable" "--gtest_also_run_disabled_tests"
Directory: D:/projects/CalcQuadigi/build
"C_ParserTest.ExpressionWithVariable" start time: Feb 24 18:29 FLE Standard Time
Output:
----------------------------------------------------------
Running main() from D:/projects/CalcQuadigi/build/_deps/googletest-src/googletest/src/gtest_main.cc
Note: Google Test filter = C_ParserTest.ExpressionWithVariable
[==========] Running 1 test from 1 test suite.
[----------] Global test environment set-up.
[----------] 1 test from C_ParserTest
[ RUN      ] C_ParserTest.ExpressionWithVariable
[       OK ] C_ParserTest.ExpressionWithVariable (0 ms)
[----------] 1 test from C_ParserTest (0 ms total)

[----------] Global test environment tear-down
[==========] 1 test from 1 test suite ran. (0 ms total)
[  PASSED  ] 1 test.
<end of output>
Test time =   0.01 sec
----------------------------------------------------------
Test Passed.
"C_ParserTest.ExpressionWithVariable" end time: Feb 24 18:29 FLE Standard Time
"C_ParserTest.ExpressionWithVariable" time elapsed: 00:00:00
----------------------------------------------------------

7/16 Testing: C_ParserTest.ComplexExpression
7/16 Test: C_ParserTest.ComplexExpression
Command: "D:/projects/CalcQuadigi/build/test_exe.exe" "--gtest_filter=C_ParserTest.ComplexExpression" "--gtest_also_run_disabled_tests"
Directory: D:/projects/CalcQuadigi/build
"C_ParserTest.ComplexExpression" start time: Feb 24 18:29 FLE Standard Time
Output:
----------------------------------------------------------
Running main() from D:/projects/CalcQuadigi/build/_deps/googletest-src/googletest/src/gtest_main.cc
Note: Google Test filter = C_ParserTest.ComplexExpression
[==========] Running 1 test from 1 test suite.
[----------] Global test environment set-up.
[----------] 1 test from C_ParserTest
[ RUN      ] C_ParserTest.ComplexExpression
[       OK ] C_ParserTest.ComplexExpression (0 ms)
[----------] 1 test from C_ParserTest (0 ms total)

[----------] Global test environment tear-down
[==========] 1 test from 1 test suite ran. (0 ms total)
[  PASSED  ] 1 test.
<end of output>
Test time =   0.02 sec
----------------------------------------------------------
Test Passed.
"C_ParserTest.ComplexExpression" end time: Feb 24 18:29 FLE Standard Time
"C_ParserTest.ComplexExpression" time elapsed: 00:00:00
----------------------------------------------------------

8/16 Testing: A_MultiplicationTest.SimpleMultiplication
8/16 Test: A_MultiplicationTest.SimpleMultiplication
Command: "D:/projects/CalcQuadigi/build/test_exe.exe" "--gtest_filter=A_MultiplicationTest.SimpleMultiplication" "--gtest_also_run_disabled_tests"
Directory: D:/projects/CalcQuadigi/build
"A_MultiplicationTest.SimpleMultiplication" start time: Feb 24 18:29 FLE Standard Time
Output:
----------------------------------------------------------
Running main() from D:/projects/CalcQuadigi/build/_deps/googletest-src/googletest/src/gtest_main.cc
Note: Google Test filter = A_MultiplicationTest.SimpleMultiplication
[==========] Running 1 test from 1 test suite.
[----------] Global test environment set-up.
[----------] 1 test from A_MultiplicationTest
[ RUN      ] A_MultiplicationTest.SimpleMultiplication
[       OK ] A_MultiplicationTest.SimpleMultiplication (0 ms)
[----------] 1 test from A_MultiplicationTest (0 ms total)

[----------] Global test environment tear-down
[==========] 1 test from 1 test suite ran. (0 ms total)
[  PASSED  ] 1 test.
<end of output>
Test time =   0.01 sec
----------------------------------------------------------
Test Passed.
"A_MultiplicationTest.SimpleMultiplication" end time: Feb 24 18:29 FLE Standard Time
"A_MultiplicationTest.SimpleMultiplication" time elapsed: 00:00:00
----------------------------------------------------------

9/16 Testing: D_ErrorHandlerTest.DivisionByZeroError
9/16 Test: D_ErrorHandlerTest.DivisionByZeroError
Command: "D:/projects/CalcQuadigi/build/test_exe.exe" "--gtest_filter=D_ErrorHandlerTest.DivisionByZeroError" "--gtest_also_run_disabled_tests"
Directory: D:/projects/CalcQuadigi/build
"D_ErrorHandlerTest.DivisionByZeroError" start time: Feb 24 18:29 FLE Standard Time
Output:
----------------------------------------------------------
Running main() from D:/projects/CalcQuadigi/build/_deps/googletest-src/googletest/src/gtest_main.cc
Note: Google Test filter = D_ErrorHandlerTest.DivisionByZeroError
[==========] Running 1 test from 1 test suite.
[----------] Global test environment set-up.
[----------] 1 test from D_ErrorHandlerTest
[ RUN      ] D_ErrorHandlerTest.DivisionByZeroError
[       OK ] D_ErrorHandlerTest.DivisionByZeroError (0 ms)
[----------] 1 test from D_ErrorHandlerTest (0 ms total)

[----------] Global test environment tear-down
[==========] 1 test from 1 test suite ran. (0 ms total)
[  PASSED  ] 1 test.
<end of output>
Test time =   0.01 sec
----------------------------------------------------------
Test Passed.
"D_ErrorHandlerTest.DivisionByZeroError" end time: Feb 24 18:29 FLE Standard Time
"D_ErrorHandlerTest.DivisionByZeroError" time elapsed: 00:00:00
----------------------------------------------------------

10/16 Testing: D_ErrorHandlerTest.DigitInWrongPlace
10/16 Test: D_ErrorHandlerTest.DigitInWrongPlace
Command: "D:/projects/CalcQuadigi/build/test_exe.exe" "--gtest_filter=D_ErrorHandlerTest.DigitInWrongPlace" "--gtest_also_run_disabled_tests"
Directory: D:/projects/CalcQuadigi/build
"D_ErrorHandlerTest.DigitInWrongPlace" start time: Feb 24 18:29 FLE Standard Time
Output:
----------------------------------------------------------
Running main() from D:/projects/CalcQuadigi/build/_deps/googletest-src/googletest/src/gtest_main.cc
Note: Google Test filter = D_ErrorHandlerTest.DigitInWrongPlace
[==========] Running 1 test from 1 test suite.
[----------] Global test environment set-up.
[----------] 1 test from D_ErrorHandlerTest
[ RUN      ] D_ErrorHandlerTest.DigitInWrongPlace
[       OK ] D_ErrorHandlerTest.DigitInWrongPlace (0 ms)
[----------] 1 test from D_ErrorHandlerTest (0 ms total)

[----------] Global test environment tear-down
[==========] 1 test from 1 test suite ran. (0 ms total)
[  PASSED  ] 1 test.
<end of output>
Test time =   0.02 sec
----------------------------------------------------------
Test Passed.
"D_ErrorHandlerTest.DigitInWrongPlace" end time: Feb 24 18:29 FLE Standard Time
"D_ErrorHandlerTest.DigitInWrongPlace" time elapsed: 00:00:00
----------------------------------------------------------

11/16 Testing: D_ErrorHandlerTest.VariableInWrongPlace
11/16 Test: D_ErrorHandlerTest.VariableInWrongPlace
Command: "D:/projects/CalcQuadigi/build/test_exe.exe" "--gtest_filter=D_ErrorHandlerTest.VariableInWrongPlace" "--gtest_also_run_disabled_tests"
Directory: D:/projects/CalcQuadigi/build
"D_ErrorHandlerTest.VariableInWrongPlace" start time: Feb 24 18:29 FLE Standard Time
Output:
----------------------------------------------------------
Running main() from D:/projects/CalcQuadigi/build/_deps/googletest-src/googletest/src/gtest_main.cc
Note: Google Test filter = D_ErrorHandlerTest.VariableInWrongPlace
[==========] Running 1 test from 1 test suite.
[----------] Global test environment set-up.
[----------] 1 test from D_ErrorHandlerTest
[ RUN      ] D_ErrorHandlerTest.VariableInWrongPlace
[       OK ] D_ErrorHandlerTest.VariableInWrongPlace (0 ms)
[----------] 1 test from D_ErrorHandlerTest (0 ms total)

[----------] Global test environment tear-down
[==========] 1 test from 1 test suite ran. (0 ms total)
[  PASSED  ] 1 test.
<end of output>
Test time =   0.02 sec
----------------------------------------------------------
Test Passed.
"D_ErrorHandlerTest.VariableInWrongPlace" end time: Feb 24 18:29 FLE Standard Time
"D_ErrorHandlerTest.VariableInWrongPlace" time elapsed: 00:00:00
----------------------------------------------------------

12/16 Testing: D_ErrorHandlerTest.OpenParanthesisWrongPlace
12/16 Test: D_ErrorHandlerTest.OpenParanthesisWrongPlace
Command: "D:/projects/CalcQuadigi/build/test_exe.exe" "--gtest_filter=D_ErrorHandlerTest.OpenParanthesisWrongPlace" "--gtest_also_run_disabled_tests"
Directory: D:/projects/CalcQuadigi/build
"D_ErrorHandlerTest.OpenParanthesisWrongPlace" start time: Feb 24 18:29 FLE Standard Time
Output:
----------------------------------------------------------
Running main() from D:/projects/CalcQuadigi/build/_deps/googletest-src/googletest/src/gtest_main.cc
Note: Google Test filter = D_ErrorHandlerTest.OpenParanthesisWrongPlace
[==========] Running 1 test from 1 test suite.
[----------] Global test environment set-up.
[----------] 1 test from D_ErrorHandlerTest
[ RUN      ] D_ErrorHandlerTest.OpenParanthesisWrongPlace
[       OK ] D_ErrorHandlerTest.OpenParanthesisWrongPlace (0 ms)
[----------] 1 test from D_ErrorHandlerTest (0 ms total)

[----------] Global test environment tear-down
[==========] 1 test from 1 test suite ran. (0 ms total)
[  PASSED  ] 1 test.
<end of output>
Test time =   0.02 sec
----------------------------------------------------------
Test Passed.
"D_ErrorHandlerTest.OpenParanthesisWrongPlace" end time: Feb 24 18:29 FLE Standard Time
"D_ErrorHandlerTest.OpenParanthesisWrongPlace" time elapsed: 00:00:00
----------------------------------------------------------

13/16 Testing: D_ErrorHandlerTest.CloseParanthesisWrongPlace
13/16 Test: D_ErrorHandlerTest.CloseParanthesisWrongPlace
Command: "D:/projects/CalcQuadigi/build/test_exe.exe" "--gtest_filter=D_ErrorHandlerTest.CloseParanthesisWrongPlace" "--gtest_also_run_disabled_tests"
Directory: D:/projects/CalcQuadigi/build
"D_ErrorHandlerTest.CloseParanthesisWrongPlace" start time: Feb 24 18:29 FLE Standard Time
Output:
----------------------------------------------------------
Running main() from D:/projects/CalcQuadigi/build/_deps/googletest-src/googletest/src/gtest_main.cc
Note: Google Test filter = D_ErrorHandlerTest.CloseParanthesisWrongPlace
[==========] Running 1 test from 1 test suite.
[----------] Global test environment set-up.
[----------] 1 test from D_ErrorHandlerTest
[ RUN      ] D_ErrorHandlerTest.CloseParanthesisWrongPlace
[       OK ] D_ErrorHandlerTest.CloseParanthesisWrongPlace (0 ms)
[----------] 1 test from D_ErrorHandlerTest (0 ms total)

[----------] Global test environment tear-down
[==========] 1 test from 1 test suite ran. (0 ms total)
[  PASSED  ] 1 test.
<end of output>
Test time =   0.03 sec
----------------------------------------------------------
Test Passed.
"D_ErrorHandlerTest.CloseParanthesisWrongPlace" end time: Feb 24 18:29 FLE Standard Time
"D_ErrorHandlerTest.CloseParanthesisWrongPlace" time elapsed: 00:00:00
----------------------------------------------------------

14/16 Testing: A_DivideTest.SimpleDivision
14/16 Test: A_DivideTest.SimpleDivision
Command: "D:/projects/CalcQuadigi/build/test_exe.exe" "--gtest_filter=A_DivideTest.SimpleDivision" "--gtest_also_run_disabled_tests"
Directory: D:/projects/CalcQuadigi/build
"A_DivideTest.SimpleDivision" start time: Feb 24 18:29 FLE Standard Time
Output:
----------------------------------------------------------
Running main() from D:/projects/CalcQuadigi/build/_deps/googletest-src/googletest/src/gtest_main.cc
Note: Google Test filter = A_DivideTest.SimpleDivision
[==========] Running 1 test from 1 test suite.
[----------] Global test environment set-up.
[----------] 1 test from A_DivideTest
[ RUN      ] A_DivideTest.SimpleDivision
[       OK ] A_DivideTest.SimpleDivision (0 ms)
[----------] 1 test from A_DivideTest (0 ms total)

[----------] Global test environment tear-down
[==========] 1 test from 1 test suite ran. (0 ms total)
[  PASSED  ] 1 test.
<end of output>
Test time =   0.02 sec
----------------------------------------------------------
Test Passed.
"A_DivideTest.SimpleDivision" end time: Feb 24 18:29 FLE Standard Time
"A_DivideTest.SimpleDivision" time elapsed: 00:00:00
----------------------------------------------------------

15/16 Testing: A_DivideTest.FloatDivision
15/16 Test: A_DivideTest.FloatDivision
Command: "D:/projects/CalcQuadigi/build/test_exe.exe" "--gtest_filter=A_DivideTest.FloatDivision" "--gtest_also_run_disabled_tests"
Directory: D:/projects/CalcQuadigi/build
"A_DivideTest.FloatDivision" start time: Feb 24 18:29 FLE Standard Time
Output:
----------------------------------------------------------
Running main() from D:/projects/CalcQuadigi/build/_deps/googletest-src/googletest/src/gtest_main.cc
Note: Google Test filter = A_DivideTest.FloatDivision
[==========] Running 1 test from 1 test suite.
[----------] Global test environment set-up.
[----------] 1 test from A_DivideTest
[ RUN      ] A_DivideTest.FloatDivision
[       OK ] A_DivideTest.FloatDivision (0 ms)
[----------] 1 test from A_DivideTest (0 ms total)

[----------] Global test environment tear-down
[==========] 1 test from 1 test suite ran. (0 ms total)
[  PASSED  ] 1 test.
<end of output>
Test time =   0.01 sec
----------------------------------------------------------
Test Passed.
"A_DivideTest.FloatDivision" end time: Feb 24 18:29 FLE Standard Time
"A_DivideTest.FloatDivision" time elapsed: 00:00:00
----------------------------------------------------------

16/16 Testing: A_DivideTest.DivisionByZero
16/16 Test: A_DivideTest.DivisionByZero
Command: "D:/projects/CalcQuadigi/build/test_exe.exe" "--gtest_filter=A_DivideTest.DivisionByZero" "--gtest_also_run_disabled_tests"
Directory: D:/projects/CalcQuadigi/build
"A_DivideTest.DivisionByZero" start time: Feb 24 18:29 FLE Standard Time
Output:
----------------------------------------------------------
Running main() from D:/projects/CalcQuadigi/build/_deps/googletest-src/googletest/src/gtest_main.cc
Note: Google Test filter = A_DivideTest.DivisionByZero
[==========] Running 1 test from 1 test suite.
[----------] Global test environment set-up.
[----------] 1 test from A_DivideTest
[ RUN      ] A_DivideTest.DivisionByZero
[       OK ] A_DivideTest.DivisionByZero (0 ms)
[----------] 1 test from A_DivideTest (0 ms total)

[----------] Global test environment tear-down
[==========] 1 test from 1 test suite ran. (0 ms total)
[  PASSED  ] 1 test.
<end of output>
Test time =   0.02 sec
----------------------------------------------------------
Test Passed.
"A_DivideTest.DivisionByZero" end time: Feb 24 18:29 FLE Standard Time
"A_DivideTest.DivisionByZero" time elapsed: 00:00:00
----------------------------------------------------------

End testing: Feb 24 18:29 FLE Standard Time
